<?xml version="1.0" encoding="UTF-8"?>
<!-- Generated by org.testng.reporters.JUnitReportReporter -->
<testsuite hostname="TEST-010" failures="0" tests="1" name="scripts.inVC_ShareScreenPage" time="20.755" errors="0" timestamp="2023-02-10T14:50:51 IST" skipped="0">
  <testcase classname="scripts.inVC_ShareScreenPage" name="tc4" time="20.755"/>
  <system-out/>
</testsuite> <!-- scripts.inVC_ShareScreenPage -->
