<?xml version="1.0" encoding="UTF-8"?>
<!-- Generated by org.testng.reporters.JUnitReportReporter -->
<testsuite hostname="TEST-010" failures="0" tests="1" name="scripts.inVC_JoinMeetingPage" time="19.715" errors="0" timestamp="2023-02-10T14:16:53 IST" skipped="0">
  <testcase classname="scripts.inVC_JoinMeetingPage" name="tc1" time="19.715"/>
  <system-out/>
</testsuite> <!-- scripts.inVC_JoinMeetingPage -->
