<?xml version="1.0" encoding="UTF-8"?>
<!-- Generated by org.testng.reporters.JUnitReportReporter -->
<testsuite hostname="TEST-010" failures="0" tests="7" name="scripts.inVC_Edit_Schedule" time="137.266" errors="0" timestamp="2023-02-10T15:02:59 IST" skipped="1">
  <testcase classname="scripts.inVC_Edit_Schedule" name="tc1" time="24.704">
    <skipped/>
  </testcase> <!-- tc1 -->
  <system-out/>
  <testcase classname="scripts.inVC_Edit_Schedule" name="tc1" time="26.355"/>
  <system-out/>
  <testcase classname="scripts.inVC_Edit_Schedule" name="tc2" time="14.108"/>
  <system-out/>
  <testcase classname="scripts.inVC_Edit_Schedule" name="tc3" time="17.768"/>
  <system-out/>
  <testcase classname="scripts.inVC_Edit_Schedule" name="tc4" time="20.923"/>
  <system-out/>
  <testcase classname="scripts.inVC_Edit_Schedule" name="tc5" time="18.912"/>
  <system-out/>
  <testcase classname="scripts.inVC_Edit_Schedule" name="tc6" time="14.496"/>
  <system-out/>
</testsuite> <!-- scripts.inVC_Edit_Schedule -->
