<?xml version="1.0" encoding="UTF-8"?>
<!-- Generated by org.testng.reporters.JUnitReportReporter -->
<testsuite hostname="TEST-010" failures="0" tests="11" name="scripts.inVC_DashBoardPage" time="147.417" errors="0" timestamp="2023-02-10T13:40:09 IST" skipped="0">
  <testcase classname="scripts.inVC_DashBoardPage" name="tc8" time="17.143"/>
  <system-out/>
  <testcase classname="scripts.inVC_DashBoardPage" name="tc9" time="14.201"/>
  <system-out/>
  <testcase classname="scripts.inVC_DashBoardPage" name="tc7" time="13.166"/>
  <system-out/>
  <testcase classname="scripts.inVC_DashBoardPage" name="tc4" time="12.216"/>
  <system-out/>
  <testcase classname="scripts.inVC_DashBoardPage" name="tc2" time="12.811"/>
  <system-out/>
  <testcase classname="scripts.inVC_DashBoardPage" name="tc5" time="13.150"/>
  <system-out/>
  <testcase classname="scripts.inVC_DashBoardPage" name="tc20" time="13.794"/>
  <system-out/>
  <testcase classname="scripts.inVC_DashBoardPage" name="tc3" time="12.120"/>
  <system-out/>
  <testcase classname="scripts.inVC_DashBoardPage" name="tc1" time="12.701"/>
  <system-out/>
  <testcase classname="scripts.inVC_DashBoardPage" name="tc6" time="12.450"/>
  <system-out/>
  <testcase classname="scripts.inVC_DashBoardPage" name="tc21" time="13.665"/>
  <system-out/>
</testsuite> <!-- scripts.inVC_DashBoardPage -->
