<?xml version="1.0" encoding="UTF-8"?>
<!-- Generated by org.testng.reporters.JUnitReportReporter -->
<testsuite hostname="TEST-010" failures="0" tests="4" name="scripts.inVC_Calender_MyMeeting" time="82.446" errors="0" timestamp="2023-02-10T13:40:09 IST" skipped="0">
  <testcase classname="scripts.inVC_Calender_MyMeeting" name="tc4" time="20.676"/>
  <system-out/>
  <testcase classname="scripts.inVC_Calender_MyMeeting" name="tc3" time="20.810"/>
  <system-out/>
  <testcase classname="scripts.inVC_Calender_MyMeeting" name="tc2" time="20.605"/>
  <system-out/>
  <testcase classname="scripts.inVC_Calender_MyMeeting" name="tc1" time="20.355"/>
  <system-out/>
</testsuite> <!-- scripts.inVC_Calender_MyMeeting -->
