<?xml version="1.0" encoding="UTF-8"?>
<!-- Generated by org.testng.reporters.JUnitReportReporter -->
<testsuite hostname="TEST-010" failures="0" tests="6" name="scripts.inVC_Edit_Schedule" time="109.206" errors="0" timestamp="2023-02-09T15:50:22 IST" skipped="0">
  <testcase classname="scripts.inVC_Edit_Schedule" name="tc3" time="17.161"/>
  <system-out/>
  <testcase classname="scripts.inVC_Edit_Schedule" name="tc5" time="19.834"/>
  <system-out/>
  <testcase classname="scripts.inVC_Edit_Schedule" name="tc4" time="19.063"/>
  <system-out/>
  <testcase classname="scripts.inVC_Edit_Schedule" name="tc2" time="14.070"/>
  <system-out/>
  <testcase classname="scripts.inVC_Edit_Schedule" name="tc6" time="16.490"/>
  <system-out/>
  <testcase classname="scripts.inVC_Edit_Schedule" name="tc1" time="22.588"/>
  <system-out/>
</testsuite> <!-- scripts.inVC_Edit_Schedule -->
