<?xml version="1.0" encoding="UTF-8"?>
<!-- Generated by org.testng.reporters.JUnitReportReporter -->
<testsuite hostname="TEST-010" failures="0" tests="5" name="scripts.inVC_LoginPage" time="91.952" errors="0" timestamp="2023-02-13T12:24:42 IST" skipped="0">
  <testcase classname="scripts.inVC_LoginPage" name="tc3" time="28.241"/>
  <system-out/>
  <testcase classname="scripts.inVC_LoginPage" name="tc2" time="20.281"/>
  <system-out/>
  <testcase classname="scripts.inVC_LoginPage" name="tc5" time="17.585"/>
  <system-out/>
  <testcase classname="scripts.inVC_LoginPage" name="tc1" time="8.872"/>
  <system-out/>
  <testcase classname="scripts.inVC_LoginPage" name="tc4" time="16.973"/>
  <system-out/>
</testsuite> <!-- scripts.inVC_LoginPage -->
