<?xml version="1.0" encoding="UTF-8"?>
<!-- Generated by org.testng.reporters.JUnitReportReporter -->
<testsuite hostname="TEST-010" failures="0" tests="5" name="scripts.inVC_LoginPage" time="54.163" errors="0" timestamp="2023-02-10T13:40:09 IST" skipped="0">
  <testcase classname="scripts.inVC_LoginPage" name="tc5" time="10.881"/>
  <system-out/>
  <testcase classname="scripts.inVC_LoginPage" name="tc2" time="12.019"/>
  <system-out/>
  <testcase classname="scripts.inVC_LoginPage" name="tc1" time="3.947"/>
  <system-out/>
  <testcase classname="scripts.inVC_LoginPage" name="tc3" time="16.609"/>
  <system-out/>
  <testcase classname="scripts.inVC_LoginPage" name="tc4" time="10.707"/>
  <system-out/>
</testsuite> <!-- scripts.inVC_LoginPage -->
