<?xml version="1.0" encoding="UTF-8"?>
<!-- Generated by org.testng.reporters.JUnitReportReporter -->
<testsuite hostname="TEST-010" failures="0" tests="5" name="scripts.inVC_ShareScreenPage" time="114.626" errors="0" timestamp="2023-02-13T12:36:47 IST" skipped="0">
  <testcase classname="scripts.inVC_ShareScreenPage" name="tc5" time="23.986"/>
  <system-out/>
  <testcase classname="scripts.inVC_ShareScreenPage" name="tc4" time="26.512"/>
  <system-out/>
  <testcase classname="scripts.inVC_ShareScreenPage" name="tc3" time="23.182"/>
  <system-out/>
  <testcase classname="scripts.inVC_ShareScreenPage" name="tc1" time="20.218"/>
  <system-out/>
  <testcase classname="scripts.inVC_ShareScreenPage" name="tc2" time="20.728"/>
  <system-out/>
</testsuite> <!-- scripts.inVC_ShareScreenPage -->
