<?xml version="1.0" encoding="UTF-8"?>
<!-- Generated by org.testng.reporters.JUnitReportReporter -->
<testsuite hostname="TEST-010" failures="0" tests="2" name="scripts.inVC_File_Upload" time="75.324" errors="0" timestamp="2023-02-09T16:31:02 IST" skipped="0">
  <testcase classname="scripts.inVC_File_Upload" name="tc3" time="43.806"/>
  <system-out/>
  <testcase classname="scripts.inVC_File_Upload" name="tc2" time="31.518"/>
  <system-out/>
</testsuite> <!-- scripts.inVC_File_Upload -->
