<?xml version="1.0" encoding="UTF-8"?>
<!-- Generated by org.testng.reporters.JUnitReportReporter -->
<testsuite hostname="TEST-010" failures="0" tests="2" name="scripts.Invc_License_Expired" time="58.664" errors="0" timestamp="2023-02-09T15:34:07 IST" skipped="0">
  <testcase classname="scripts.Invc_License_Expired" name="tc3" time="31.374"/>
  <system-out/>
  <testcase classname="scripts.Invc_License_Expired" name="tc2" time="27.290"/>
  <system-out/>
</testsuite> <!-- scripts.Invc_License_Expired -->
