<?xml version="1.0" encoding="UTF-8"?>
<!-- Generated by org.testng.reporters.JUnitReportReporter -->
<testsuite hostname="TEST-010" failures="0" tests="7" name="scripts.inVC_JoinMeetingPage" time="199.318" errors="0" timestamp="2023-02-13T12:40:17 IST" skipped="0">
  <testcase classname="scripts.inVC_JoinMeetingPage" name="tc3" time="26.065"/>
  <system-out/>
  <testcase classname="scripts.inVC_JoinMeetingPage" name="tc7" time="41.301"/>
  <system-out/>
  <testcase classname="scripts.inVC_JoinMeetingPage" name="tc1" time="19.832"/>
  <system-out/>
  <testcase classname="scripts.inVC_JoinMeetingPage" name="tc4" time="28.242"/>
  <system-out/>
  <testcase classname="scripts.inVC_JoinMeetingPage" name="tc5" time="29.050"/>
  <system-out/>
  <testcase classname="scripts.inVC_JoinMeetingPage" name="tc2" time="19.664"/>
  <system-out/>
  <testcase classname="scripts.inVC_JoinMeetingPage" name="tc6" time="35.164"/>
  <system-out/>
</testsuite> <!-- scripts.inVC_JoinMeetingPage -->
