<?xml version="1.0" encoding="UTF-8"?>
<!-- Generated by org.testng.reporters.JUnitReportReporter -->
<testsuite hostname="TEST-010" failures="0" tests="6" name="scripts.inVC_SignUp_Page" time="68.847" errors="0" timestamp="2023-02-10T13:40:09 IST" skipped="0">
  <testcase classname="scripts.inVC_SignUp_Page" name="tc1" time="10.647"/>
  <system-out/>
  <testcase classname="scripts.inVC_SignUp_Page" name="tc6" time="6.063"/>
  <system-out/>
  <testcase classname="scripts.inVC_SignUp_Page" name="tc2" time="11.667"/>
  <system-out/>
  <testcase classname="scripts.inVC_SignUp_Page" name="tc4" time="11.146"/>
  <system-out/>
  <testcase classname="scripts.inVC_SignUp_Page" name="tc5" time="18.007"/>
  <system-out/>
  <testcase classname="scripts.inVC_SignUp_Page" name="tc3" time="11.317"/>
  <system-out/>
</testsuite> <!-- scripts.inVC_SignUp_Page -->
