<?xml version="1.0" encoding="UTF-8"?>
<!-- Generated by org.testng.reporters.JUnitReportReporter -->
<testsuite hostname="TEST-010" failures="0" tests="2" name="scripts.Invc_License_Expired" time="54.695" errors="0" timestamp="2023-02-13T12:21:53 IST" skipped="0">
  <testcase classname="scripts.Invc_License_Expired" name="tc1" time="25.458"/>
  <system-out/>
  <testcase classname="scripts.Invc_License_Expired" name="tc2" time="29.237"/>
  <system-out/>
</testsuite> <!-- scripts.Invc_License_Expired -->
