<?xml version="1.0" encoding="UTF-8"?>
<!-- Generated by org.testng.reporters.JUnitReportReporter -->
<testsuite hostname="TEST-010" failures="0" tests="1" name="scripts.inVC_SettingPage" time="16.729" errors="0" timestamp="2023-02-10T14:47:18 IST" skipped="0">
  <testcase classname="scripts.inVC_SettingPage" name="tc1" time="16.729"/>
  <system-out/>
</testsuite> <!-- scripts.inVC_SettingPage -->
