<?xml version="1.0" encoding="UTF-8"?>
<!-- Generated by org.testng.reporters.JUnitReportReporter -->
<testsuite hostname="TEST-010" failures="0" tests="2" name="scripts.checkfirst" time="75.038" errors="0" timestamp="2023-02-09T16:57:58 IST" skipped="0">
  <testcase classname="scripts.checkfirst" name="tc6" time="38.998"/>
  <system-out/>
  <testcase classname="scripts.checkfirst" name="tc7" time="36.040"/>
  <system-out/>
</testsuite> <!-- scripts.checkfirst -->
