<?xml version="1.0" encoding="UTF-8"?>
<!-- Generated by org.testng.reporters.JUnitReportReporter -->
<testsuite hostname="TEST-010" failures="0" tests="5" name="scripts.inVC_LoginPage" time="60.462" errors="0" timestamp="2023-02-08T10:59:29 IST" skipped="0">
  <testcase classname="scripts.inVC_LoginPage" name="tc2" time="22.200"/>
  <system-out/>
  <testcase classname="scripts.inVC_LoginPage" name="tc4" time="11.251"/>
  <system-out/>
  <testcase classname="scripts.inVC_LoginPage" name="tc1" time="8.338"/>
  <system-out/>
  <testcase classname="scripts.inVC_LoginPage" name="tc3" time="10.169"/>
  <system-out/>
  <testcase classname="scripts.inVC_LoginPage" name="tc5" time="8.504"/>
  <system-out/>
</testsuite> <!-- scripts.inVC_LoginPage -->
