<?xml version="1.0" encoding="UTF-8"?>
<!-- Generated by org.testng.reporters.JUnitReportReporter -->
<testsuite hostname="TEST-010" failures="0" tests="11" name="scripts.inVC_ProfilePage" time="191.547" errors="0" timestamp="2023-02-10T13:40:09 IST" skipped="0">
  <testcase classname="scripts.inVC_ProfilePage" name="tc5" time="16.885"/>
  <system-out/>
  <testcase classname="scripts.inVC_ProfilePage" name="tc8" time="18.305"/>
  <system-out/>
  <testcase classname="scripts.inVC_ProfilePage" name="tc10" time="16.392"/>
  <system-out/>
  <testcase classname="scripts.inVC_ProfilePage" name="tc2" time="16.508"/>
  <system-out/>
  <testcase classname="scripts.inVC_ProfilePage" name="tc4" time="18.170"/>
  <system-out/>
  <testcase classname="scripts.inVC_ProfilePage" name="tc3" time="24.526"/>
  <system-out/>
  <testcase classname="scripts.inVC_ProfilePage" name="tc7" time="16.693"/>
  <system-out/>
  <testcase classname="scripts.inVC_ProfilePage" name="tc6" time="22.705"/>
  <system-out/>
  <testcase classname="scripts.inVC_ProfilePage" name="tc1" time="15.672"/>
  <system-out/>
  <testcase classname="scripts.inVC_ProfilePage" name="tc9" time="12.712"/>
  <system-out/>
  <testcase classname="scripts.inVC_ProfilePage" name="tc11" time="12.979"/>
  <system-out/>
</testsuite> <!-- scripts.inVC_ProfilePage -->
