<?xml version="1.0" encoding="UTF-8"?>
<!-- Generated by org.testng.reporters.JUnitReportReporter -->
<testsuite hostname="TEST-010" failures="0" tests="13" name="scripts.inVC_Recurring_Schedule" time="285.609" errors="0" timestamp="2023-02-10T15:17:11 IST" skipped="0">
  <testcase classname="scripts.inVC_Recurring_Schedule" name="tc1" time="11.083"/>
  <system-out/>
  <testcase classname="scripts.inVC_Recurring_Schedule" name="tc2" time="22.984"/>
  <system-out/>
  <testcase classname="scripts.inVC_Recurring_Schedule" name="tc3" time="28.516"/>
  <system-out/>
  <testcase classname="scripts.inVC_Recurring_Schedule" name="tc4" time="30.321"/>
  <system-out/>
  <testcase classname="scripts.inVC_Recurring_Schedule" name="tc5" time="28.996"/>
  <system-out/>
  <testcase classname="scripts.inVC_Recurring_Schedule" name="tc6" time="18.303"/>
  <system-out/>
  <testcase classname="scripts.inVC_Recurring_Schedule" name="tc7" time="23.751"/>
  <system-out/>
  <testcase classname="scripts.inVC_Recurring_Schedule" name="tc8" time="23.193"/>
  <system-out/>
  <testcase classname="scripts.inVC_Recurring_Schedule" name="tc9" time="20.367"/>
  <system-out/>
  <testcase classname="scripts.inVC_Recurring_Schedule" name="tc10" time="21.699"/>
  <system-out/>
  <testcase classname="scripts.inVC_Recurring_Schedule" name="tc11" time="21.471"/>
  <system-out/>
  <testcase classname="scripts.inVC_Recurring_Schedule" name="tc12" time="26.600"/>
  <system-out/>
  <testcase classname="scripts.inVC_Recurring_Schedule" name="tc14" time="8.325"/>
  <system-out/>
</testsuite> <!-- scripts.inVC_Recurring_Schedule -->
