<?xml version="1.0" encoding="UTF-8"?>
<!-- Generated by org.testng.reporters.JUnitReportReporter -->
<testsuite hostname="TEST-010" failures="0" tests="2" name="scripts.inVC_LicencePage" time="25.851" errors="0" timestamp="2023-02-10T13:40:09 IST" skipped="0">
  <testcase classname="scripts.inVC_LicencePage" name="tc1" time="12.924"/>
  <system-out/>
  <testcase classname="scripts.inVC_LicencePage" name="tc2" time="12.927"/>
  <system-out/>
</testsuite> <!-- scripts.inVC_LicencePage -->
