<?xml version="1.0" encoding="UTF-8"?>
<!-- Generated by org.testng.reporters.JUnitReportReporter -->
<testsuite hostname="TEST-010" failures="0" tests="1" name="scripts.checkfirst" time="26.929" errors="0" timestamp="2023-02-10T10:33:14 IST" skipped="0">
  <testcase classname="scripts.checkfirst" name="tc6" time="26.929"/>
  <system-out/>
</testsuite> <!-- scripts.checkfirst -->
