<?xml version="1.0" encoding="UTF-8"?>
<!-- Generated by org.testng.reporters.JUnitReportReporter -->
<testsuite hostname="TEST-010" failures="0" tests="3" name="scripts.inVC_InstaMeeting" time="61.089" errors="0" timestamp="2023-02-10T12:19:29 IST" skipped="0">
  <testcase classname="scripts.inVC_InstaMeeting" name="tc2" time="31.150"/>
  <system-out/>
  <testcase classname="scripts.inVC_InstaMeeting" name="tc3" time="22.308"/>
  <system-out/>
  <testcase classname="scripts.inVC_InstaMeeting" name="tc1" time="7.631"/>
  <system-out/>
</testsuite> <!-- scripts.inVC_InstaMeeting -->
