<?xml version="1.0" encoding="UTF-8"?>
<!-- Generated by org.testng.reporters.JUnitReportReporter -->
<testsuite hostname="TEST-010" failures="0" tests="1" name="scripts.checkfirst" time="27.219" errors="0" timestamp="2023-02-10T14:41:36 IST" skipped="0">
  <testcase classname="scripts.checkfirst" name="tc3" time="27.219"/>
  <system-out/>
</testsuite> <!-- scripts.checkfirst -->
