<?xml version="1.0" encoding="UTF-8"?>
<!-- Generated by org.testng.reporters.JUnitReportReporter -->
<testsuite hostname="TEST-010" failures="0" tests="2" name="scripts.checkfirst" time="45.903" errors="0" timestamp="2023-02-10T12:23:37 IST" skipped="0">
  <testcase classname="scripts.checkfirst" name="tc7" time="16.859"/>
  <system-out/>
  <testcase classname="scripts.checkfirst" name="tc8" time="29.044"/>
  <system-out/>
</testsuite> <!-- scripts.checkfirst -->
