<?xml version="1.0" encoding="UTF-8"?>
<!-- Generated by org.testng.reporters.JUnitReportReporter -->
<testsuite hostname="TEST-010" failures="0" tests="2" name="scripts.inVC_LicencePage" time="33.786" errors="0" timestamp="2023-02-09T16:47:00 IST" skipped="0">
  <testcase classname="scripts.inVC_LicencePage" name="tc2" time="18.647"/>
  <system-out/>
  <testcase classname="scripts.inVC_LicencePage" name="tc1" time="15.139"/>
  <system-out/>
</testsuite> <!-- scripts.inVC_LicencePage -->
