<?xml version="1.0" encoding="UTF-8"?>
<!-- Generated by org.testng.reporters.JUnitReportReporter -->
<testsuite hostname="TEST-010" failures="0" tests="1" name="scripts.checkfirst" time="20.722" errors="0" timestamp="2023-02-13T17:26:38 IST" skipped="0">
  <testcase classname="scripts.checkfirst" name="tc5" time="20.722"/>
  <system-out/>
</testsuite> <!-- scripts.checkfirst -->
