<?xml version="1.0" encoding="UTF-8"?>
<!-- Generated by org.testng.reporters.JUnitReportReporter -->
<testsuite hostname="TEST-010" failures="0" tests="1" name="scripts.inVC_Recurring_Schedule" time="31.710" errors="0" timestamp="2023-02-09T15:19:56 IST" skipped="0">
  <testcase classname="scripts.inVC_Recurring_Schedule" name="tc12" time="31.710"/>
  <system-out/>
</testsuite> <!-- scripts.inVC_Recurring_Schedule -->
