<?xml version="1.0" encoding="UTF-8"?>
<!-- Generated by org.testng.reporters.JUnitReportReporter -->
<testsuite hostname="TEST-010" failures="0" tests="6" name="scripts.inVC_Schedule_Meeting" time="115.517" errors="0" timestamp="2023-02-10T15:08:06 IST" skipped="0">
  <testcase classname="scripts.inVC_Schedule_Meeting" name="tc1" time="24.008"/>
  <system-out/>
  <testcase classname="scripts.inVC_Schedule_Meeting" name="tc2" time="14.748"/>
  <system-out/>
  <testcase classname="scripts.inVC_Schedule_Meeting" name="tc3" time="15.121"/>
  <system-out/>
  <testcase classname="scripts.inVC_Schedule_Meeting" name="tc4" time="23.049"/>
  <system-out/>
  <testcase classname="scripts.inVC_Schedule_Meeting" name="tc5" time="29.383"/>
  <system-out/>
  <testcase classname="scripts.inVC_Schedule_Meeting" name="tc6" time="9.208"/>
  <system-out/>
</testsuite> <!-- scripts.inVC_Schedule_Meeting -->
