<?xml version="1.0" encoding="UTF-8"?>
<!-- Generated by org.testng.reporters.JUnitReportReporter -->
<testsuite hostname="TEST-010" failures="0" tests="2" name="scripts.inVC_File_Upload" time="30.766" errors="0" timestamp="2023-02-10T12:43:30 IST" skipped="0">
  <testcase classname="scripts.inVC_File_Upload" name="tc2" time="11.759"/>
  <system-out/>
  <testcase classname="scripts.inVC_File_Upload" name="tc1" time="19.007"/>
  <system-out/>
</testsuite> <!-- scripts.inVC_File_Upload -->
