<?xml version="1.0" encoding="UTF-8"?>
<!-- Generated by org.testng.reporters.JUnitReportReporter -->
<testsuite hostname="TEST-010" failures="0" tests="3" name="scripts.inVC_InstaMeeting" time="76.522" errors="0" timestamp="2023-02-09T15:54:33 IST" skipped="0">
  <testcase classname="scripts.inVC_InstaMeeting" name="tc2" time="31.942"/>
  <system-out/>
  <testcase classname="scripts.inVC_InstaMeeting" name="tc3" time="30.183"/>
  <system-out/>
  <testcase classname="scripts.inVC_InstaMeeting" name="tc1" time="14.397"/>
  <system-out/>
</testsuite> <!-- scripts.inVC_InstaMeeting -->
