<?xml version="1.0" encoding="UTF-8"?>
<!-- Generated by org.testng.reporters.JUnitReportReporter -->
<testsuite hostname="TEST-010" failures="0" tests="11" name="scripts.inVC_ProfilePage" time="282.753" errors="0" timestamp="2023-02-13T12:34:41 IST" skipped="0">
  <testcase classname="scripts.inVC_ProfilePage" name="tc2" time="24.678"/>
  <system-out/>
  <testcase classname="scripts.inVC_ProfilePage" name="tc5" time="29.059"/>
  <system-out/>
  <testcase classname="scripts.inVC_ProfilePage" name="tc7" time="30.030"/>
  <system-out/>
  <testcase classname="scripts.inVC_ProfilePage" name="tc8" time="25.001"/>
  <system-out/>
  <testcase classname="scripts.inVC_ProfilePage" name="tc9" time="23.546"/>
  <system-out/>
  <testcase classname="scripts.inVC_ProfilePage" name="tc10" time="26.115"/>
  <system-out/>
  <testcase classname="scripts.inVC_ProfilePage" name="tc11" time="24.879"/>
  <system-out/>
  <testcase classname="scripts.inVC_ProfilePage" name="tc3" time="24.839"/>
  <system-out/>
  <testcase classname="scripts.inVC_ProfilePage" name="tc1" time="24.346"/>
  <system-out/>
  <testcase classname="scripts.inVC_ProfilePage" name="tc4" time="24.861"/>
  <system-out/>
  <testcase classname="scripts.inVC_ProfilePage" name="tc6" time="25.399"/>
  <system-out/>
</testsuite> <!-- scripts.inVC_ProfilePage -->
