<?xml version="1.0" encoding="UTF-8"?>
<!-- Generated by org.testng.reporters.JUnitReportReporter -->
<testsuite hostname="TEST-010" failures="0" tests="2" name="scripts.inVC_File_Upload" time="28.315" errors="0" timestamp="2023-02-10T13:40:09 IST" skipped="0">
  <testcase classname="scripts.inVC_File_Upload" name="tc2" time="13.994"/>
  <system-out/>
  <testcase classname="scripts.inVC_File_Upload" name="tc1" time="14.321"/>
  <system-out/>
</testsuite> <!-- scripts.inVC_File_Upload -->
