<?xml version="1.0" encoding="UTF-8"?>
<!-- Generated by org.testng.reporters.JUnitReportReporter -->
<testsuite hostname="TEST-010" failures="0" tests="11" name="scripts.inVC_DashBoardPage" time="228.199" errors="0" timestamp="2023-02-13T12:28:50 IST" skipped="0">
  <testcase classname="scripts.inVC_DashBoardPage" name="tc2" time="19.431"/>
  <system-out/>
  <testcase classname="scripts.inVC_DashBoardPage" name="tc8" time="24.403"/>
  <system-out/>
  <testcase classname="scripts.inVC_DashBoardPage" name="tc4" time="19.481"/>
  <system-out/>
  <testcase classname="scripts.inVC_DashBoardPage" name="tc9" time="20.968"/>
  <system-out/>
  <testcase classname="scripts.inVC_DashBoardPage" name="tc5" time="20.060"/>
  <system-out/>
  <testcase classname="scripts.inVC_DashBoardPage" name="tc3" time="19.405"/>
  <system-out/>
  <testcase classname="scripts.inVC_DashBoardPage" name="tc6" time="19.037"/>
  <system-out/>
  <testcase classname="scripts.inVC_DashBoardPage" name="tc20" time="21.540"/>
  <system-out/>
  <testcase classname="scripts.inVC_DashBoardPage" name="tc7" time="22.489"/>
  <system-out/>
  <testcase classname="scripts.inVC_DashBoardPage" name="tc1" time="20.350"/>
  <system-out/>
  <testcase classname="scripts.inVC_DashBoardPage" name="tc21" time="21.035"/>
  <system-out/>
</testsuite> <!-- scripts.inVC_DashBoardPage -->
