<?xml version="1.0" encoding="UTF-8"?>
<!-- Generated by org.testng.reporters.JUnitReportReporter -->
<testsuite hostname="TEST-010" failures="0" tests="8" name="scripts.inVC_MyMeetingsPage" time="103.634" errors="0" timestamp="2023-02-10T13:40:09 IST" skipped="0">
  <testcase classname="scripts.inVC_MyMeetingsPage" name="tc3" time="12.583"/>
  <system-out/>
  <testcase classname="scripts.inVC_MyMeetingsPage" name="tc4" time="18.028"/>
  <system-out/>
  <testcase classname="scripts.inVC_MyMeetingsPage" name="tc5" time="12.819"/>
  <system-out/>
  <testcase classname="scripts.inVC_MyMeetingsPage" name="tc2" time="7.343"/>
  <system-out/>
  <testcase classname="scripts.inVC_MyMeetingsPage" name="tc1" time="12.286"/>
  <system-out/>
  <testcase classname="scripts.inVC_MyMeetingsPage" name="tc8" time="12.960"/>
  <system-out/>
  <testcase classname="scripts.inVC_MyMeetingsPage" name="tc7" time="7.486"/>
  <system-out/>
  <testcase classname="scripts.inVC_MyMeetingsPage" name="tc6" time="20.129"/>
  <system-out/>
</testsuite> <!-- scripts.inVC_MyMeetingsPage -->
