<?xml version="1.0" encoding="UTF-8"?>
<!-- Generated by org.testng.reporters.JUnitReportReporter -->
<testsuite hostname="TEST-010" failures="0" tests="3" name="scripts.inVC_ForgtPasswordPage" time="34.989" errors="0" timestamp="2023-02-10T13:40:09 IST" skipped="0">
  <testcase classname="scripts.inVC_ForgtPasswordPage" name="tc2" time="12.858"/>
  <system-out/>
  <testcase classname="scripts.inVC_ForgtPasswordPage" name="tc1" time="14.753"/>
  <system-out/>
  <testcase classname="scripts.inVC_ForgtPasswordPage" name="tc3" time="7.378"/>
  <system-out/>
</testsuite> <!-- scripts.inVC_ForgtPasswordPage -->
