<?xml version="1.0" encoding="UTF-8"?>
<!-- Generated by org.testng.reporters.JUnitReportReporter -->
<testsuite hostname="TEST-010" failures="0" tests="15" name="scripts.inVC_ContactInfo" time="288.167" errors="0" timestamp="2023-02-10T13:40:09 IST" skipped="0">
  <testcase classname="scripts.inVC_ContactInfo" name="tc3" time="17.732"/>
  <system-out/>
  <testcase classname="scripts.inVC_ContactInfo" name="tc9" time="29.846"/>
  <system-out/>
  <testcase classname="scripts.inVC_ContactInfo" name="tc5" time="18.713"/>
  <system-out/>
  <testcase classname="scripts.inVC_ContactInfo" name="tc12" time="18.150"/>
  <system-out/>
  <testcase classname="scripts.inVC_ContactInfo" name="tc10" time="19.696"/>
  <system-out/>
  <testcase classname="scripts.inVC_ContactInfo" name="tc13" time="18.329"/>
  <system-out/>
  <testcase classname="scripts.inVC_ContactInfo" name="tc11" time="18.593"/>
  <system-out/>
  <testcase classname="scripts.inVC_ContactInfo" name="tc1" time="17.139"/>
  <system-out/>
  <testcase classname="scripts.inVC_ContactInfo" name="tc14" time="18.673"/>
  <system-out/>
  <testcase classname="scripts.inVC_ContactInfo" name="tc15" time="18.694"/>
  <system-out/>
  <testcase classname="scripts.inVC_ContactInfo" name="tc8" time="20.366"/>
  <system-out/>
  <testcase classname="scripts.inVC_ContactInfo" name="tc4" time="17.566"/>
  <system-out/>
  <testcase classname="scripts.inVC_ContactInfo" name="tc2" time="12.169"/>
  <system-out/>
  <testcase classname="scripts.inVC_ContactInfo" name="tc6" time="22.834"/>
  <system-out/>
  <testcase classname="scripts.inVC_ContactInfo" name="tc7" time="19.667"/>
  <system-out/>
</testsuite> <!-- scripts.inVC_ContactInfo -->
