<?xml version="1.0" encoding="UTF-8"?>
<!-- Generated by org.testng.reporters.JUnitReportReporter -->
<testsuite hostname="TEST-010" failures="0" tests="6" name="scripts.inVC_Schedule_Meeting" time="133.057" errors="0" timestamp="2023-02-09T16:14:24 IST" skipped="0">
  <testcase classname="scripts.inVC_Schedule_Meeting" name="tc4" time="17.859"/>
  <system-out/>
  <testcase classname="scripts.inVC_Schedule_Meeting" name="tc1" time="26.790"/>
  <system-out/>
  <testcase classname="scripts.inVC_Schedule_Meeting" name="tc3" time="16.567"/>
  <system-out/>
  <testcase classname="scripts.inVC_Schedule_Meeting" name="tc2" time="20.951"/>
  <system-out/>
  <testcase classname="scripts.inVC_Schedule_Meeting" name="tc7" time="20.790"/>
  <system-out/>
  <testcase classname="scripts.inVC_Schedule_Meeting" name="tc6" time="30.100"/>
  <system-out/>
</testsuite> <!-- scripts.inVC_Schedule_Meeting -->
