<?xml version="1.0" encoding="UTF-8"?>
<!-- Generated by org.testng.reporters.JUnitReportReporter -->
<testsuite hostname="TEST-010" failures="0" tests="14" name="scripts.inVC_DashBoardPage" time="198.727" errors="0" timestamp="2023-02-09T12:22:23 IST" skipped="3">
  <testcase classname="scripts.inVC_DashBoardPage" name="tc3" time="13.140"/>
  <system-out/>
  <testcase classname="scripts.inVC_DashBoardPage" name="tc1" time="13.378"/>
  <system-out/>
  <testcase classname="scripts.inVC_DashBoardPage" name="tc4" time="18.418">
    <skipped/>
  </testcase> <!-- tc4 -->
  <system-out/>
  <testcase classname="scripts.inVC_DashBoardPage" name="tc4" time="13.066"/>
  <system-out/>
  <testcase classname="scripts.inVC_DashBoardPage" name="tc3" time="13.420">
    <skipped/>
  </testcase> <!-- tc3 -->
  <system-out/>
  <testcase classname="scripts.inVC_DashBoardPage" name="tc4" time="18.701">
    <skipped/>
  </testcase> <!-- tc4 -->
  <system-out/>
  <testcase classname="scripts.inVC_DashBoardPage" name="tc2" time="13.579"/>
  <system-out/>
  <testcase classname="scripts.inVC_DashBoardPage" name="tc5" time="13.198"/>
  <system-out/>
  <testcase classname="scripts.inVC_DashBoardPage" name="tc6" time="13.317"/>
  <system-out/>
  <testcase classname="scripts.inVC_DashBoardPage" name="tc7" time="7.146"/>
  <system-out/>
  <testcase classname="scripts.inVC_DashBoardPage" name="tc8" time="19.150"/>
  <system-out/>
  <testcase classname="scripts.inVC_DashBoardPage" name="tc9" time="14.423"/>
  <system-out/>
  <testcase classname="scripts.inVC_DashBoardPage" name="tc20" time="13.772"/>
  <system-out/>
  <testcase classname="scripts.inVC_DashBoardPage" name="tc21" time="14.019"/>
  <system-out/>
</testsuite> <!-- scripts.inVC_DashBoardPage -->
