<?xml version="1.0" encoding="UTF-8"?>
<!-- Generated by org.testng.reporters.JUnitReportReporter -->
<testsuite hostname="TEST-010" failures="0" tests="5" name="scripts.inVC_ShareScreenPage" time="126.951" errors="0" timestamp="2023-02-13T13:40:11 IST" skipped="0">
  <testcase classname="scripts.inVC_ShareScreenPage" name="tc3" time="25.697"/>
  <system-out/>
  <testcase classname="scripts.inVC_ShareScreenPage" name="tc5" time="27.881"/>
  <system-out/>
  <testcase classname="scripts.inVC_ShareScreenPage" name="tc1" time="22.658"/>
  <system-out/>
  <testcase classname="scripts.inVC_ShareScreenPage" name="tc2" time="23.242"/>
  <system-out/>
  <testcase classname="scripts.inVC_ShareScreenPage" name="tc4" time="27.473"/>
  <system-out/>
</testsuite> <!-- scripts.inVC_ShareScreenPage -->
