<?xml version="1.0" encoding="UTF-8"?>
<!-- Generated by org.testng.reporters.JUnitReportReporter -->
<testsuite hostname="TEST-010" failures="0" tests="2" name="scripts.Invc_License_Expired" time="55.064" errors="0" timestamp="2023-02-09T17:50:23 IST" skipped="0">
  <testcase classname="scripts.Invc_License_Expired" name="tc1" time="26.130"/>
  <system-out/>
  <testcase classname="scripts.Invc_License_Expired" name="tc2" time="28.934"/>
  <system-out/>
</testsuite> <!-- scripts.Invc_License_Expired -->
