<?xml version="1.0" encoding="UTF-8"?>
<!-- Generated by org.testng.reporters.JUnitReportReporter -->
<testsuite hostname="TEST-010" failures="0" tests="6" name="scripts.inVC_Edit_Schedule" time="145.754" errors="0" timestamp="2023-02-13T13:40:11 IST" skipped="0">
  <testcase classname="scripts.inVC_Edit_Schedule" name="tc1" time="28.373"/>
  <system-out/>
  <testcase classname="scripts.inVC_Edit_Schedule" name="tc2" time="21.716"/>
  <system-out/>
  <testcase classname="scripts.inVC_Edit_Schedule" name="tc3" time="21.415"/>
  <system-out/>
  <testcase classname="scripts.inVC_Edit_Schedule" name="tc4" time="26.432"/>
  <system-out/>
  <testcase classname="scripts.inVC_Edit_Schedule" name="tc5" time="26.117"/>
  <system-out/>
  <testcase classname="scripts.inVC_Edit_Schedule" name="tc6" time="21.701"/>
  <system-out/>
</testsuite> <!-- scripts.inVC_Edit_Schedule -->
