<?xml version="1.0" encoding="UTF-8"?>
<!-- Generated by org.testng.reporters.JUnitReportReporter -->
<testsuite hostname="TEST-010" failures="0" tests="11" name="scripts.inVC_ProfilePage" time="210.235" errors="0" timestamp="2023-02-09T11:45:22 IST" skipped="0">
  <testcase classname="scripts.inVC_ProfilePage" name="tc4" time="18.319"/>
  <system-out/>
  <testcase classname="scripts.inVC_ProfilePage" name="tc6" time="26.112"/>
  <system-out/>
  <testcase classname="scripts.inVC_ProfilePage" name="tc5" time="24.132"/>
  <system-out/>
  <testcase classname="scripts.inVC_ProfilePage" name="tc7" time="13.220"/>
  <system-out/>
  <testcase classname="scripts.inVC_ProfilePage" name="tc3" time="21.023"/>
  <system-out/>
  <testcase classname="scripts.inVC_ProfilePage" name="tc9" time="19.404"/>
  <system-out/>
  <testcase classname="scripts.inVC_ProfilePage" name="tc11" time="18.024"/>
  <system-out/>
  <testcase classname="scripts.inVC_ProfilePage" name="tc10" time="16.972"/>
  <system-out/>
  <testcase classname="scripts.inVC_ProfilePage" name="tc8" time="17.947"/>
  <system-out/>
  <testcase classname="scripts.inVC_ProfilePage" name="tc1" time="23.539"/>
  <system-out/>
  <testcase classname="scripts.inVC_ProfilePage" name="tc2" time="11.543"/>
  <system-out/>
</testsuite> <!-- scripts.inVC_ProfilePage -->
