<?xml version="1.0" encoding="UTF-8"?>
<!-- Generated by org.testng.reporters.JUnitReportReporter -->
<testsuite hostname="TEST-010" failures="0" tests="3" name="scripts.inVC_InstaMeeting" time="83.864" errors="0" timestamp="2023-02-13T13:40:11 IST" skipped="0">
  <testcase classname="scripts.inVC_InstaMeeting" name="tc1" time="21.567"/>
  <system-out/>
  <testcase classname="scripts.inVC_InstaMeeting" name="tc3" time="32.429"/>
  <system-out/>
  <testcase classname="scripts.inVC_InstaMeeting" name="tc2" time="29.868"/>
  <system-out/>
</testsuite> <!-- scripts.inVC_InstaMeeting -->
