<?xml version="1.0" encoding="UTF-8"?>
<!-- Generated by org.testng.reporters.JUnitReportReporter -->
<testsuite hostname="TEST-010" failures="0" tests="11" name="scripts.inVC_DashBoardPage" time="253.461" errors="0" timestamp="2023-02-13T13:40:11 IST" skipped="0">
  <testcase classname="scripts.inVC_DashBoardPage" name="tc8" time="27.246"/>
  <system-out/>
  <testcase classname="scripts.inVC_DashBoardPage" name="tc9" time="24.883"/>
  <system-out/>
  <testcase classname="scripts.inVC_DashBoardPage" name="tc5" time="22.452"/>
  <system-out/>
  <testcase classname="scripts.inVC_DashBoardPage" name="tc6" time="21.053"/>
  <system-out/>
  <testcase classname="scripts.inVC_DashBoardPage" name="tc3" time="22.392"/>
  <system-out/>
  <testcase classname="scripts.inVC_DashBoardPage" name="tc4" time="22.107"/>
  <system-out/>
  <testcase classname="scripts.inVC_DashBoardPage" name="tc1" time="24.742"/>
  <system-out/>
  <testcase classname="scripts.inVC_DashBoardPage" name="tc7" time="21.911"/>
  <system-out/>
  <testcase classname="scripts.inVC_DashBoardPage" name="tc2" time="21.179"/>
  <system-out/>
  <testcase classname="scripts.inVC_DashBoardPage" name="tc20" time="22.740"/>
  <system-out/>
  <testcase classname="scripts.inVC_DashBoardPage" name="tc21" time="22.756"/>
  <system-out/>
</testsuite> <!-- scripts.inVC_DashBoardPage -->
