<?xml version="1.0" encoding="UTF-8"?>
<!-- Generated by org.testng.reporters.JUnitReportReporter -->
<testsuite hostname="TEST-010" failures="0" tests="5" name="scripts.inVC_LoginPage" time="62.623" errors="0" timestamp="2023-02-09T11:45:22 IST" skipped="0">
  <testcase classname="scripts.inVC_LoginPage" name="tc1" time="4.310"/>
  <system-out/>
  <testcase classname="scripts.inVC_LoginPage" name="tc3" time="12.900"/>
  <system-out/>
  <testcase classname="scripts.inVC_LoginPage" name="tc2" time="13.959"/>
  <system-out/>
  <testcase classname="scripts.inVC_LoginPage" name="tc5" time="12.752"/>
  <system-out/>
  <testcase classname="scripts.inVC_LoginPage" name="tc4" time="18.702"/>
  <system-out/>
</testsuite> <!-- scripts.inVC_LoginPage -->
