<?xml version="1.0" encoding="UTF-8"?>
<!-- Generated by org.testng.reporters.JUnitReportReporter -->
<testsuite skipped="0" hostname="TEST-010" name="scripts.checkfirst" tests="1" failures="0" timestamp="2023-02-08T13:04:57 IST" time="14.251" errors="0">
  <testcase name="tc2" time="14.251" classname="scripts.checkfirst"/>
  <system-out/>
</testsuite> <!-- scripts.checkfirst -->
