<?xml version="1.0" encoding="UTF-8"?>
<!-- Generated by org.testng.reporters.JUnitReportReporter -->
<testsuite hostname="TEST-010" failures="0" tests="8" name="scripts.inVC_MyMeetingsPage" time="171.982" errors="0" timestamp="2023-02-09T17:50:22 IST" skipped="0">
  <testcase classname="scripts.inVC_MyMeetingsPage" name="tc2" time="15.510"/>
  <system-out/>
  <testcase classname="scripts.inVC_MyMeetingsPage" name="tc4" time="15.553"/>
  <system-out/>
  <testcase classname="scripts.inVC_MyMeetingsPage" name="tc1" time="56.783"/>
  <system-out/>
  <testcase classname="scripts.inVC_MyMeetingsPage" name="tc8" time="19.579"/>
  <system-out/>
  <testcase classname="scripts.inVC_MyMeetingsPage" name="tc6" time="21.385"/>
  <system-out/>
  <testcase classname="scripts.inVC_MyMeetingsPage" name="tc3" time="9.042"/>
  <system-out/>
  <testcase classname="scripts.inVC_MyMeetingsPage" name="tc5" time="12.666"/>
  <system-out/>
  <testcase classname="scripts.inVC_MyMeetingsPage" name="tc7" time="21.464"/>
  <system-out/>
</testsuite> <!-- scripts.inVC_MyMeetingsPage -->
