<?xml version="1.0" encoding="UTF-8"?>
<!-- Generated by org.testng.reporters.JUnitReportReporter -->
<testsuite hostname="TEST-010" failures="0" tests="4" name="scripts.inVC_Calender_MyMeeting" time="119.186" errors="0" timestamp="2023-02-13T13:40:11 IST" skipped="0">
  <testcase classname="scripts.inVC_Calender_MyMeeting" name="tc2" time="29.540"/>
  <system-out/>
  <testcase classname="scripts.inVC_Calender_MyMeeting" name="tc1" time="29.981"/>
  <system-out/>
  <testcase classname="scripts.inVC_Calender_MyMeeting" name="tc3" time="29.813"/>
  <system-out/>
  <testcase classname="scripts.inVC_Calender_MyMeeting" name="tc4" time="29.852"/>
  <system-out/>
</testsuite> <!-- scripts.inVC_Calender_MyMeeting -->
