<?xml version="1.0" encoding="UTF-8"?>
<!-- Generated by org.testng.reporters.JUnitReportReporter -->
<testsuite hostname="TEST-010" failures="0" tests="10" name="scripts.inVC_ShareScreenPage" time="153.180" errors="0" timestamp="2023-02-09T13:36:53 IST" skipped="5">
  <testcase classname="scripts.inVC_ShareScreenPage" name="tc3" time="15.659">
    <skipped/>
  </testcase> <!-- tc3 -->
  <system-out/>
  <testcase classname="scripts.inVC_ShareScreenPage" name="tc5" time="17.792"/>
  <system-out/>
  <testcase classname="scripts.inVC_ShareScreenPage" name="tc2" time="19.320">
    <skipped/>
  </testcase> <!-- tc2 -->
  <system-out/>
  <testcase classname="scripts.inVC_ShareScreenPage" name="tc3" time="16.511"/>
  <system-out/>
  <testcase classname="scripts.inVC_ShareScreenPage" name="tc5" time="12.830">
    <skipped/>
  </testcase> <!-- tc5 -->
  <system-out/>
  <testcase classname="scripts.inVC_ShareScreenPage" name="tc3" time="7.133">
    <skipped/>
  </testcase> <!-- tc3 -->
  <system-out/>
  <testcase classname="scripts.inVC_ShareScreenPage" name="tc4" time="19.323"/>
  <system-out/>
  <testcase classname="scripts.inVC_ShareScreenPage" name="tc1" time="14.627"/>
  <system-out/>
  <testcase classname="scripts.inVC_ShareScreenPage" name="tc2" time="13.888"/>
  <system-out/>
  <testcase classname="scripts.inVC_ShareScreenPage" name="tc3" time="16.097">
    <skipped/>
  </testcase> <!-- tc3 -->
  <system-out/>
</testsuite> <!-- scripts.inVC_ShareScreenPage -->
