<?xml version="1.0" encoding="UTF-8"?>
<!-- Generated by org.testng.reporters.JUnitReportReporter -->
<testsuite hostname="TEST-010" failures="0" tests="6" name="scripts.inVC_Edit_Schedule" time="123.126" errors="0" timestamp="2023-02-09T17:50:23 IST" skipped="0">
  <testcase classname="scripts.inVC_Edit_Schedule" name="tc2" time="15.398"/>
  <system-out/>
  <testcase classname="scripts.inVC_Edit_Schedule" name="tc5" time="27.001"/>
  <system-out/>
  <testcase classname="scripts.inVC_Edit_Schedule" name="tc1" time="18.242"/>
  <system-out/>
  <testcase classname="scripts.inVC_Edit_Schedule" name="tc4" time="22.640"/>
  <system-out/>
  <testcase classname="scripts.inVC_Edit_Schedule" name="tc3" time="24.502"/>
  <system-out/>
  <testcase classname="scripts.inVC_Edit_Schedule" name="tc6" time="15.343"/>
  <system-out/>
</testsuite> <!-- scripts.inVC_Edit_Schedule -->
