<?xml version="1.0" encoding="UTF-8"?>
<!-- Generated by org.testng.reporters.JUnitReportReporter -->
<testsuite hostname="TEST-010" failures="0" tests="11" name="scripts.inVC_DashBoardPage" time="190.692" errors="0" timestamp="2023-02-09T17:50:22 IST" skipped="0">
  <testcase classname="scripts.inVC_DashBoardPage" name="tc4" time="14.908"/>
  <system-out/>
  <testcase classname="scripts.inVC_DashBoardPage" name="tc1" time="14.150"/>
  <system-out/>
  <testcase classname="scripts.inVC_DashBoardPage" name="tc3" time="12.234"/>
  <system-out/>
  <testcase classname="scripts.inVC_DashBoardPage" name="tc2" time="15.125"/>
  <system-out/>
  <testcase classname="scripts.inVC_DashBoardPage" name="tc5" time="13.005"/>
  <system-out/>
  <testcase classname="scripts.inVC_DashBoardPage" name="tc6" time="9.738"/>
  <system-out/>
  <testcase classname="scripts.inVC_DashBoardPage" name="tc7" time="30.491"/>
  <system-out/>
  <testcase classname="scripts.inVC_DashBoardPage" name="tc8" time="29.335"/>
  <system-out/>
  <testcase classname="scripts.inVC_DashBoardPage" name="tc9" time="14.521"/>
  <system-out/>
  <testcase classname="scripts.inVC_DashBoardPage" name="tc20" time="13.072"/>
  <system-out/>
  <testcase classname="scripts.inVC_DashBoardPage" name="tc21" time="24.113"/>
  <system-out/>
</testsuite> <!-- scripts.inVC_DashBoardPage -->
