<?xml version="1.0" encoding="UTF-8"?>
<!-- Generated by org.testng.reporters.JUnitReportReporter -->
<testsuite hostname="TEST-010" failures="0" tests="6" name="scripts.inVC_Schedule_Meeting" time="177.170" errors="0" timestamp="2023-02-13T13:40:11 IST" skipped="0">
  <testcase classname="scripts.inVC_Schedule_Meeting" name="tc1" time="34.875"/>
  <system-out/>
  <testcase classname="scripts.inVC_Schedule_Meeting" name="tc2" time="25.415"/>
  <system-out/>
  <testcase classname="scripts.inVC_Schedule_Meeting" name="tc3" time="26.919"/>
  <system-out/>
  <testcase classname="scripts.inVC_Schedule_Meeting" name="tc4" time="24.289"/>
  <system-out/>
  <testcase classname="scripts.inVC_Schedule_Meeting" name="tc5" time="40.584"/>
  <system-out/>
  <testcase classname="scripts.inVC_Schedule_Meeting" name="tc6" time="25.088"/>
  <system-out/>
</testsuite> <!-- scripts.inVC_Schedule_Meeting -->
