<?xml version="1.0" encoding="UTF-8"?>
<!-- Generated by org.testng.reporters.JUnitReportReporter -->
<testsuite skipped="0" hostname="TEST-010" name="scripts.inVC_LoginPage" tests="5" failures="0" timestamp="2023-02-08T11:40:06 IST" time="50.780" errors="0">
  <testcase name="tc3" time="9.885" classname="scripts.inVC_LoginPage"/>
  <system-out/>
  <testcase name="tc1" time="7.957" classname="scripts.inVC_LoginPage"/>
  <system-out/>
  <testcase name="tc2" time="11.405" classname="scripts.inVC_LoginPage"/>
  <system-out/>
  <testcase name="tc5" time="11.714" classname="scripts.inVC_LoginPage"/>
  <system-out/>
  <testcase name="tc4" time="9.819" classname="scripts.inVC_LoginPage"/>
  <system-out/>
</testsuite> <!-- scripts.inVC_LoginPage -->
