<?xml version="1.0" encoding="UTF-8"?>
<!-- Generated by org.testng.reporters.JUnitReportReporter -->
<testsuite hostname="TEST-010" failures="0" tests="6" name="scripts.inVC_SettingPage" time="140.584" errors="0" timestamp="2023-02-13T13:40:11 IST" skipped="0">
  <testcase classname="scripts.inVC_SettingPage" name="tc6" time="23.570"/>
  <system-out/>
  <testcase classname="scripts.inVC_SettingPage" name="tc5" time="21.984"/>
  <system-out/>
  <testcase classname="scripts.inVC_SettingPage" name="tc1" time="22.846"/>
  <system-out/>
  <testcase classname="scripts.inVC_SettingPage" name="tc3" time="23.265"/>
  <system-out/>
  <testcase classname="scripts.inVC_SettingPage" name="tc2" time="24.419"/>
  <system-out/>
  <testcase classname="scripts.inVC_SettingPage" name="tc4" time="24.500"/>
  <system-out/>
</testsuite> <!-- scripts.inVC_SettingPage -->
