<?xml version="1.0" encoding="UTF-8"?>
<!-- Generated by org.testng.reporters.JUnitReportReporter -->
<testsuite hostname="TEST-010" failures="0" tests="6" name="scripts.inVC_SignUp_Page" time="81.806" errors="0" timestamp="2023-02-09T17:50:23 IST" skipped="0">
  <testcase classname="scripts.inVC_SignUp_Page" name="tc1" time="11.904"/>
  <system-out/>
  <testcase classname="scripts.inVC_SignUp_Page" name="tc4" time="7.429"/>
  <system-out/>
  <testcase classname="scripts.inVC_SignUp_Page" name="tc6" time="19.226"/>
  <system-out/>
  <testcase classname="scripts.inVC_SignUp_Page" name="tc3" time="13.554"/>
  <system-out/>
  <testcase classname="scripts.inVC_SignUp_Page" name="tc5" time="14.529"/>
  <system-out/>
  <testcase classname="scripts.inVC_SignUp_Page" name="tc2" time="15.164"/>
  <system-out/>
</testsuite> <!-- scripts.inVC_SignUp_Page -->
