<?xml version="1.0" encoding="UTF-8"?>
<!-- Generated by org.testng.reporters.JUnitReportReporter -->
<testsuite hostname="TEST-010" failures="0" tests="7" name="scripts.inVC_JoinMeetingPage" time="217.817" errors="0" timestamp="2023-02-13T13:40:11 IST" skipped="0">
  <testcase classname="scripts.inVC_JoinMeetingPage" name="tc7" time="46.293"/>
  <system-out/>
  <testcase classname="scripts.inVC_JoinMeetingPage" name="tc1" time="20.915"/>
  <system-out/>
  <testcase classname="scripts.inVC_JoinMeetingPage" name="tc3" time="26.710"/>
  <system-out/>
  <testcase classname="scripts.inVC_JoinMeetingPage" name="tc4" time="31.352"/>
  <system-out/>
  <testcase classname="scripts.inVC_JoinMeetingPage" name="tc6" time="38.305"/>
  <system-out/>
  <testcase classname="scripts.inVC_JoinMeetingPage" name="tc2" time="22.150"/>
  <system-out/>
  <testcase classname="scripts.inVC_JoinMeetingPage" name="tc5" time="32.092"/>
  <system-out/>
</testsuite> <!-- scripts.inVC_JoinMeetingPage -->
