<?xml version="1.0" encoding="UTF-8"?>
<!-- Generated by org.testng.reporters.JUnitReportReporter -->
<testsuite hostname="TEST-010" failures="0" tests="8" name="scripts.inVC_MyMeetingsPage" time="203.581" errors="0" timestamp="2023-02-13T13:40:11 IST" skipped="0">
  <testcase classname="scripts.inVC_MyMeetingsPage" name="tc3" time="23.918"/>
  <system-out/>
  <testcase classname="scripts.inVC_MyMeetingsPage" name="tc5" time="24.321"/>
  <system-out/>
  <testcase classname="scripts.inVC_MyMeetingsPage" name="tc7" time="35.776"/>
  <system-out/>
  <testcase classname="scripts.inVC_MyMeetingsPage" name="tc2" time="25.081"/>
  <system-out/>
  <testcase classname="scripts.inVC_MyMeetingsPage" name="tc8" time="24.366"/>
  <system-out/>
  <testcase classname="scripts.inVC_MyMeetingsPage" name="tc1" time="15.648"/>
  <system-out/>
  <testcase classname="scripts.inVC_MyMeetingsPage" name="tc4" time="24.894"/>
  <system-out/>
  <testcase classname="scripts.inVC_MyMeetingsPage" name="tc6" time="29.577"/>
  <system-out/>
</testsuite> <!-- scripts.inVC_MyMeetingsPage -->
