<?xml version="1.0" encoding="UTF-8"?>
<!-- Generated by org.testng.reporters.JUnitReportReporter -->
<testsuite hostname="TEST-010" failures="0" tests="8" name="scripts.inVC_MyMeetingsPage" time="123.797" errors="0" timestamp="2023-02-09T13:36:53 IST" skipped="0">
  <testcase classname="scripts.inVC_MyMeetingsPage" name="tc7" time="15.464"/>
  <system-out/>
  <testcase classname="scripts.inVC_MyMeetingsPage" name="tc6" time="18.294"/>
  <system-out/>
  <testcase classname="scripts.inVC_MyMeetingsPage" name="tc4" time="20.988"/>
  <system-out/>
  <testcase classname="scripts.inVC_MyMeetingsPage" name="tc5" time="15.205"/>
  <system-out/>
  <testcase classname="scripts.inVC_MyMeetingsPage" name="tc3" time="15.925"/>
  <system-out/>
  <testcase classname="scripts.inVC_MyMeetingsPage" name="tc8" time="14.766"/>
  <system-out/>
  <testcase classname="scripts.inVC_MyMeetingsPage" name="tc2" time="8.753"/>
  <system-out/>
  <testcase classname="scripts.inVC_MyMeetingsPage" name="tc1" time="14.402"/>
  <system-out/>
</testsuite> <!-- scripts.inVC_MyMeetingsPage -->
