<?xml version="1.0" encoding="UTF-8"?>
<!-- Generated by org.testng.reporters.JUnitReportReporter -->
<testsuite hostname="TEST-010" failures="0" tests="3" name="scripts.inVC_ForgtPasswordPage" time="61.713" errors="0" timestamp="2023-02-13T13:40:11 IST" skipped="0">
  <testcase classname="scripts.inVC_ForgtPasswordPage" name="tc2" time="21.277"/>
  <system-out/>
  <testcase classname="scripts.inVC_ForgtPasswordPage" name="tc3" time="22.326"/>
  <system-out/>
  <testcase classname="scripts.inVC_ForgtPasswordPage" name="tc1" time="18.110"/>
  <system-out/>
</testsuite> <!-- scripts.inVC_ForgtPasswordPage -->
