<?xml version="1.0" encoding="UTF-8"?>
<!-- Generated by org.testng.reporters.JUnitReportReporter -->
<testsuite hostname="TEST-010" failures="0" tests="6" name="scripts.inVC_SignUp_Page" time="106.603" errors="0" timestamp="2023-02-13T15:02:34 IST" skipped="0">
  <testcase classname="scripts.inVC_SignUp_Page" name="tc6" time="17.995"/>
  <system-out/>
  <testcase classname="scripts.inVC_SignUp_Page" name="tc5" time="18.063"/>
  <system-out/>
  <testcase classname="scripts.inVC_SignUp_Page" name="tc4" time="17.843"/>
  <system-out/>
  <testcase classname="scripts.inVC_SignUp_Page" name="tc2" time="17.622"/>
  <system-out/>
  <testcase classname="scripts.inVC_SignUp_Page" name="tc1" time="17.239"/>
  <system-out/>
  <testcase classname="scripts.inVC_SignUp_Page" name="tc3" time="17.841"/>
  <system-out/>
</testsuite> <!-- scripts.inVC_SignUp_Page -->
