<?xml version="1.0" encoding="UTF-8"?>
<!-- Generated by org.testng.reporters.JUnitReportReporter -->
<testsuite hostname="TEST-010" failures="0" tests="15" name="scripts.inVC_ContactInfo" time="465.363" errors="0" timestamp="2023-02-13T13:40:11 IST" skipped="0">
  <testcase classname="scripts.inVC_ContactInfo" name="tc3" time="28.960"/>
  <system-out/>
  <testcase classname="scripts.inVC_ContactInfo" name="tc7" time="30.962"/>
  <system-out/>
  <testcase classname="scripts.inVC_ContactInfo" name="tc11" time="29.984"/>
  <system-out/>
  <testcase classname="scripts.inVC_ContactInfo" name="tc10" time="30.640"/>
  <system-out/>
  <testcase classname="scripts.inVC_ContactInfo" name="tc15" time="29.392"/>
  <system-out/>
  <testcase classname="scripts.inVC_ContactInfo" name="tc5" time="30.854"/>
  <system-out/>
  <testcase classname="scripts.inVC_ContactInfo" name="tc13" time="30.150"/>
  <system-out/>
  <testcase classname="scripts.inVC_ContactInfo" name="tc14" time="38.051"/>
  <system-out/>
  <testcase classname="scripts.inVC_ContactInfo" name="tc9" time="36.578"/>
  <system-out/>
  <testcase classname="scripts.inVC_ContactInfo" name="tc6" time="33.451"/>
  <system-out/>
  <testcase classname="scripts.inVC_ContactInfo" name="tc2" time="29.519"/>
  <system-out/>
  <testcase classname="scripts.inVC_ContactInfo" name="tc1" time="31.948"/>
  <system-out/>
  <testcase classname="scripts.inVC_ContactInfo" name="tc12" time="29.138"/>
  <system-out/>
  <testcase classname="scripts.inVC_ContactInfo" name="tc4" time="28.918"/>
  <system-out/>
  <testcase classname="scripts.inVC_ContactInfo" name="tc8" time="26.818"/>
  <system-out/>
</testsuite> <!-- scripts.inVC_ContactInfo -->
