<?xml version="1.0" encoding="UTF-8"?>
<!-- Generated by org.testng.reporters.JUnitReportReporter -->
<testsuite hostname="TEST-010" failures="0" tests="4" name="scripts.inVC_Calender_MyMeeting" time="100.525" errors="0" timestamp="2023-02-09T11:45:22 IST" skipped="0">
  <testcase classname="scripts.inVC_Calender_MyMeeting" name="tc1" time="17.540"/>
  <system-out/>
  <testcase classname="scripts.inVC_Calender_MyMeeting" name="tc3" time="32.286"/>
  <system-out/>
  <testcase classname="scripts.inVC_Calender_MyMeeting" name="tc4" time="24.951"/>
  <system-out/>
  <testcase classname="scripts.inVC_Calender_MyMeeting" name="tc2" time="25.748"/>
  <system-out/>
</testsuite> <!-- scripts.inVC_Calender_MyMeeting -->
