<?xml version="1.0" encoding="UTF-8"?>
<!-- Generated by org.testng.reporters.JUnitReportReporter -->
<testsuite hostname="TEST-010" failures="0" tests="2" name="scripts.inVC_File_Upload" time="48.054" errors="0" timestamp="2023-02-13T13:40:11 IST" skipped="0">
  <testcase classname="scripts.inVC_File_Upload" name="tc1" time="24.280"/>
  <system-out/>
  <testcase classname="scripts.inVC_File_Upload" name="tc2" time="23.774"/>
  <system-out/>
</testsuite> <!-- scripts.inVC_File_Upload -->
