<?xml version="1.0" encoding="UTF-8"?>
<!-- Generated by org.testng.reporters.JUnitReportReporter -->
<testsuite hostname="TEST-010" failures="0" tests="6" name="scripts.inVC_SignUp_Page" time="72.638" errors="0" timestamp="2023-02-09T11:45:22 IST" skipped="0">
  <testcase classname="scripts.inVC_SignUp_Page" name="tc4" time="12.030"/>
  <system-out/>
  <testcase classname="scripts.inVC_SignUp_Page" name="tc3" time="12.113"/>
  <system-out/>
  <testcase classname="scripts.inVC_SignUp_Page" name="tc1" time="4.728"/>
  <system-out/>
  <testcase classname="scripts.inVC_SignUp_Page" name="tc6" time="12.255"/>
  <system-out/>
  <testcase classname="scripts.inVC_SignUp_Page" name="tc2" time="17.568"/>
  <system-out/>
  <testcase classname="scripts.inVC_SignUp_Page" name="tc5" time="13.944"/>
  <system-out/>
</testsuite> <!-- scripts.inVC_SignUp_Page -->
