<?xml version="1.0" encoding="UTF-8"?>
<!-- Generated by org.testng.reporters.JUnitReportReporter -->
<testsuite hostname="TEST-010" failures="0" tests="10" name="scripts.inVC_JoinMeetingPage" time="291.237" errors="0" timestamp="2023-02-09T17:50:22 IST" skipped="3">
  <testcase classname="scripts.inVC_JoinMeetingPage" name="tc2" time="23.027"/>
  <system-out/>
  <testcase classname="scripts.inVC_JoinMeetingPage" name="tc5" time="13.383">
    <skipped/>
  </testcase> <!-- tc5 -->
  <system-out/>
  <testcase classname="scripts.inVC_JoinMeetingPage" name="tc3" time="26.206"/>
  <system-out/>
  <testcase classname="scripts.inVC_JoinMeetingPage" name="tc1" time="18.192"/>
  <system-out/>
  <testcase classname="scripts.inVC_JoinMeetingPage" name="tc6" time="23.372">
    <skipped/>
  </testcase> <!-- tc6 -->
  <system-out/>
  <testcase classname="scripts.inVC_JoinMeetingPage" name="tc7" time="43.396">
    <skipped/>
  </testcase> <!-- tc7 -->
  <system-out/>
  <testcase classname="scripts.inVC_JoinMeetingPage" name="tc6" time="42.300"/>
  <system-out/>
  <testcase classname="scripts.inVC_JoinMeetingPage" name="tc7" time="49.195"/>
  <system-out/>
  <testcase classname="scripts.inVC_JoinMeetingPage" name="tc5" time="24.679"/>
  <system-out/>
  <testcase classname="scripts.inVC_JoinMeetingPage" name="tc4" time="27.487"/>
  <system-out/>
</testsuite> <!-- scripts.inVC_JoinMeetingPage -->
