<?xml version="1.0" encoding="UTF-8"?>
<!-- Generated by org.testng.reporters.JUnitReportReporter -->
<testsuite hostname="TEST-010" failures="0" tests="15" name="scripts.inVC_ContactInfo" time="328.298" errors="0" timestamp="2023-02-09T12:22:23 IST" skipped="0">
  <testcase classname="scripts.inVC_ContactInfo" name="tc11" time="30.366"/>
  <system-out/>
  <testcase classname="scripts.inVC_ContactInfo" name="tc15" time="27.664"/>
  <system-out/>
  <testcase classname="scripts.inVC_ContactInfo" name="tc5" time="31.649"/>
  <system-out/>
  <testcase classname="scripts.inVC_ContactInfo" name="tc14" time="19.513"/>
  <system-out/>
  <testcase classname="scripts.inVC_ContactInfo" name="tc2" time="11.788"/>
  <system-out/>
  <testcase classname="scripts.inVC_ContactInfo" name="tc7" time="19.471"/>
  <system-out/>
  <testcase classname="scripts.inVC_ContactInfo" name="tc6" time="21.826"/>
  <system-out/>
  <testcase classname="scripts.inVC_ContactInfo" name="tc4" time="24.856"/>
  <system-out/>
  <testcase classname="scripts.inVC_ContactInfo" name="tc8" time="25.387"/>
  <system-out/>
  <testcase classname="scripts.inVC_ContactInfo" name="tc9" time="24.714"/>
  <system-out/>
  <testcase classname="scripts.inVC_ContactInfo" name="tc13" time="11.845"/>
  <system-out/>
  <testcase classname="scripts.inVC_ContactInfo" name="tc3" time="20.076"/>
  <system-out/>
  <testcase classname="scripts.inVC_ContactInfo" name="tc10" time="22.239"/>
  <system-out/>
  <testcase classname="scripts.inVC_ContactInfo" name="tc1" time="18.110"/>
  <system-out/>
  <testcase classname="scripts.inVC_ContactInfo" name="tc12" time="18.794"/>
  <system-out/>
</testsuite> <!-- scripts.inVC_ContactInfo -->
