<?xml version="1.0" encoding="UTF-8"?>
<!-- Generated by org.testng.reporters.JUnitReportReporter -->
<testsuite hostname="TEST-010" failures="0" tests="4" name="scripts.inVC_ForgtPasswordPage" time="62.718" errors="0" timestamp="2023-02-09T11:45:22 IST" skipped="1">
  <testcase classname="scripts.inVC_ForgtPasswordPage" name="tc2" time="25.134"/>
  <system-out/>
  <testcase classname="scripts.inVC_ForgtPasswordPage" name="tc1" time="4.671"/>
  <system-out/>
  <testcase classname="scripts.inVC_ForgtPasswordPage" name="tc3" time="16.114"/>
  <system-out/>
  <testcase classname="scripts.inVC_ForgtPasswordPage" name="tc3" time="16.799">
    <skipped/>
  </testcase> <!-- tc3 -->
  <system-out/>
</testsuite> <!-- scripts.inVC_ForgtPasswordPage -->
