<?xml version="1.0" encoding="UTF-8"?>
<!-- Generated by org.testng.reporters.JUnitReportReporter -->
<testsuite hostname="TEST-010" failures="0" tests="1" name="scripts.checkfirst" time="14.006" errors="0" timestamp="2023-02-08T18:45:18 IST" skipped="0">
  <testcase classname="scripts.checkfirst" name="tc2" time="14.006"/>
  <system-out/>
</testsuite> <!-- scripts.checkfirst -->
