<?xml version="1.0" encoding="UTF-8"?>
<!-- Generated by org.testng.reporters.JUnitReportReporter -->
<testsuite hostname="TEST-010" failures="0" tests="6" name="scripts.inVC_SettingPage" time="85.017" errors="0" timestamp="2023-02-09T12:22:23 IST" skipped="0">
  <testcase classname="scripts.inVC_SettingPage" name="tc6" time="13.532"/>
  <system-out/>
  <testcase classname="scripts.inVC_SettingPage" name="tc5" time="12.895"/>
  <system-out/>
  <testcase classname="scripts.inVC_SettingPage" name="tc2" time="13.951"/>
  <system-out/>
  <testcase classname="scripts.inVC_SettingPage" name="tc1" time="13.301"/>
  <system-out/>
  <testcase classname="scripts.inVC_SettingPage" name="tc3" time="14.803"/>
  <system-out/>
  <testcase classname="scripts.inVC_SettingPage" name="tc4" time="16.535"/>
  <system-out/>
</testsuite> <!-- scripts.inVC_SettingPage -->
