<?xml version="1.0" encoding="UTF-8"?>
<!-- Generated by org.testng.reporters.JUnitReportReporter -->
<testsuite hostname="TEST-010" failures="0" tests="11" name="scripts.inVC_ProfilePage" time="294.278" errors="0" timestamp="2023-02-13T13:40:11 IST" skipped="0">
  <testcase classname="scripts.inVC_ProfilePage" name="tc3" time="26.485"/>
  <system-out/>
  <testcase classname="scripts.inVC_ProfilePage" name="tc4" time="26.042"/>
  <system-out/>
  <testcase classname="scripts.inVC_ProfilePage" name="tc11" time="27.587"/>
  <system-out/>
  <testcase classname="scripts.inVC_ProfilePage" name="tc6" time="27.029"/>
  <system-out/>
  <testcase classname="scripts.inVC_ProfilePage" name="tc10" time="26.443"/>
  <system-out/>
  <testcase classname="scripts.inVC_ProfilePage" name="tc1" time="25.753"/>
  <system-out/>
  <testcase classname="scripts.inVC_ProfilePage" name="tc2" time="25.251"/>
  <system-out/>
  <testcase classname="scripts.inVC_ProfilePage" name="tc7" time="27.334"/>
  <system-out/>
  <testcase classname="scripts.inVC_ProfilePage" name="tc9" time="19.600"/>
  <system-out/>
  <testcase classname="scripts.inVC_ProfilePage" name="tc8" time="28.852"/>
  <system-out/>
  <testcase classname="scripts.inVC_ProfilePage" name="tc5" time="33.902"/>
  <system-out/>
</testsuite> <!-- scripts.inVC_ProfilePage -->
