<?xml version="1.0" encoding="UTF-8"?>
<!-- Generated by org.testng.reporters.JUnitReportReporter -->
<testsuite hostname="TEST-010" failures="0" tests="3" name="scripts.inVC_ForgtPasswordPage" time="41.921" errors="0" timestamp="2023-02-09T17:50:23 IST" skipped="0">
  <testcase classname="scripts.inVC_ForgtPasswordPage" name="tc1" time="11.167"/>
  <system-out/>
  <testcase classname="scripts.inVC_ForgtPasswordPage" name="tc2" time="15.686"/>
  <system-out/>
  <testcase classname="scripts.inVC_ForgtPasswordPage" name="tc3" time="15.068"/>
  <system-out/>
</testsuite> <!-- scripts.inVC_ForgtPasswordPage -->
