<?xml version="1.0" encoding="UTF-8"?>
<!-- Generated by org.testng.reporters.JUnitReportReporter -->
<testsuite hostname="TEST-010" failures="0" tests="3" name="scripts.inVC_InstaMeeting" time="79.187" errors="0" timestamp="2023-02-09T17:50:22 IST" skipped="0">
  <testcase classname="scripts.inVC_InstaMeeting" name="tc2" time="33.138"/>
  <system-out/>
  <testcase classname="scripts.inVC_InstaMeeting" name="tc3" time="28.821"/>
  <system-out/>
  <testcase classname="scripts.inVC_InstaMeeting" name="tc1" time="17.228"/>
  <system-out/>
</testsuite> <!-- scripts.inVC_InstaMeeting -->
