<?xml version="1.0" encoding="UTF-8"?>
<!-- Generated by org.testng.reporters.JUnitReportReporter -->
<testsuite hostname="TEST-010" failures="0" tests="15" name="scripts.inVC_Recurring_Schedule" time="445.227" errors="0" timestamp="2023-02-13T15:02:34 IST" skipped="2">
  <testcase classname="scripts.inVC_Recurring_Schedule" name="tc1" time="18.818">
    <skipped/>
  </testcase> <!-- tc1 -->
  <system-out/>
  <testcase classname="scripts.inVC_Recurring_Schedule" name="tc1" time="24.029"/>
  <system-out/>
  <testcase classname="scripts.inVC_Recurring_Schedule" name="tc2" time="26.736"/>
  <system-out/>
  <testcase classname="scripts.inVC_Recurring_Schedule" name="tc3" time="29.679"/>
  <system-out/>
  <testcase classname="scripts.inVC_Recurring_Schedule" name="tc4" time="37.731"/>
  <system-out/>
  <testcase classname="scripts.inVC_Recurring_Schedule" name="tc5" time="44.641"/>
  <system-out/>
  <testcase classname="scripts.inVC_Recurring_Schedule" name="tc6" time="25.341"/>
  <system-out/>
  <testcase classname="scripts.inVC_Recurring_Schedule" name="tc7" time="28.351"/>
  <system-out/>
  <testcase classname="scripts.inVC_Recurring_Schedule" name="tc8" time="23.205"/>
  <system-out/>
  <testcase classname="scripts.inVC_Recurring_Schedule" name="tc9" time="28.388">
    <skipped/>
  </testcase> <!-- tc9 -->
  <system-out/>
  <testcase classname="scripts.inVC_Recurring_Schedule" name="tc9" time="36.445"/>
  <system-out/>
  <testcase classname="scripts.inVC_Recurring_Schedule" name="tc10" time="33.974"/>
  <system-out/>
  <testcase classname="scripts.inVC_Recurring_Schedule" name="tc11" time="30.718"/>
  <system-out/>
  <testcase classname="scripts.inVC_Recurring_Schedule" name="tc12" time="34.590"/>
  <system-out/>
  <testcase classname="scripts.inVC_Recurring_Schedule" name="tc14" time="22.581"/>
  <system-out/>
</testsuite> <!-- scripts.inVC_Recurring_Schedule -->
