<?xml version="1.0" encoding="UTF-8"?>
<!-- Generated by org.testng.reporters.JUnitReportReporter -->
<testsuite hostname="TEST-010" failures="0" tests="5" name="scripts.inVC_LoginPage" time="59.286" errors="0" timestamp="2023-02-09T17:50:23 IST" skipped="0">
  <testcase classname="scripts.inVC_LoginPage" name="tc1" time="10.828"/>
  <system-out/>
  <testcase classname="scripts.inVC_LoginPage" name="tc5" time="5.455"/>
  <system-out/>
  <testcase classname="scripts.inVC_LoginPage" name="tc4" time="16.919"/>
  <system-out/>
  <testcase classname="scripts.inVC_LoginPage" name="tc2" time="12.840"/>
  <system-out/>
  <testcase classname="scripts.inVC_LoginPage" name="tc3" time="13.244"/>
  <system-out/>
</testsuite> <!-- scripts.inVC_LoginPage -->
