<?xml version="1.0" encoding="UTF-8"?>
<!-- Generated by org.testng.reporters.JUnitReportReporter -->
<testsuite hostname="TEST-010" failures="0" tests="1" name="scripts.checkfirst" time="13.335" errors="0" timestamp="2023-02-08T17:36:51 IST" skipped="0">
  <testcase classname="scripts.checkfirst" name="tc2" time="13.335"/>
  <system-out/>
</testsuite> <!-- scripts.checkfirst -->
