<?xml version="1.0" encoding="UTF-8"?>
<!-- Generated by org.testng.reporters.JUnitReportReporter -->
<testsuite hostname="TEST-010" failures="0" tests="4" name="scripts.inVC_Calender_MyMeeting" time="89.402" errors="0" timestamp="2023-02-09T17:50:22 IST" skipped="0">
  <testcase classname="scripts.inVC_Calender_MyMeeting" name="tc3" time="29.198"/>
  <system-out/>
  <testcase classname="scripts.inVC_Calender_MyMeeting" name="tc1" time="16.491"/>
  <system-out/>
  <testcase classname="scripts.inVC_Calender_MyMeeting" name="tc4" time="21.928"/>
  <system-out/>
  <testcase classname="scripts.inVC_Calender_MyMeeting" name="tc2" time="21.785"/>
  <system-out/>
</testsuite> <!-- scripts.inVC_Calender_MyMeeting -->
